acroarthritis    1
acroasphyxia    1
acroataxia    1
acroatic    1
acrobacy    1
acrobat    1
Acrobates    1
acrobatholithic    1
acrobatic    1
acrobatical    1
acrobatically    1
acrobatics    1
acrobatism    1
acroblast    1
acrobryous    1
acrobystitis    1
Acrocarpi    1
acrocarpous    1
acrocephalia    1
acrocephalic    1
acrocephalous    1
acrocephaly    1
Acrocera    1
Acroceratidae    1
Acroceraunian    1
Acroceridae    1
Acrochordidae    1
Acrochordinae    1
acrochordon    1
Acroclinium    1
Acrocomia    1
acroconidium    1
acrocontracture    1
acrocoracoid    1
acrocyanosis    1
acrocyst    1
acrodactylum    1
acrodermatitis    1
acrodont    1
acrodontism    1
acrodrome    1
acrodromous    1
Acrodus    1
acrodynia    1
acroesthesia    1
acrogamous    1
acrogamy    1
acrogen    1
acrogenic    1
acrogenous    1
acrogenously    1
acrography    1
Acrogynae    1
acrogynae    1
acrogynous    1
acrolein    1
acrolith    1
acrolithan    1
acrolithic    1
acrologic    1
acrologically    1
acrologism    1
acrologue    1
acrology    1
acromania    1
acromastitis    1
acromegalia    1
acromegalic    1
acromegaly    1
acromelalgia    1
acrometer    1
acromial    1
acromicria    1
acromioclavicular    1
acromiocoracoid    1
acromiodeltoid    1
acromiohumeral    1
acromiohyoid    1
acromion    1
acromioscapular    1
acromiosternal    1
acromiothoracic    1
acromonogrammatic    1
acromphalus    1
Acromyodi    1
acromyodian    1
acromyodic    1
acromyodous    1
acromyotonia    1
acromyotonus    1
acron    1
acronarcotic    1
acroneurosis    1
acronical    1
acronically    1
acronyc    1
acronych    1
Acronycta    1
acronyctous    1
acronym    1
acronymic    1
acronymize    1
acronymous    1
acronyx    1
acrook    1
acroparalysis    1
acroparesthesia    1
acropathology    1
acropathy    1
acropetal    1
acropetally    1
acrophobia    1
acrophonetic    1
acrophonic    1
acrophony    1
acropodium    1
acropoleis    1
acropolis    1
acropolitan    1
Acropora    1
acrorhagus    1
acrorrheuma    1
acrosarc    1
acrosarcum    1
acroscleriasis    1
acroscleroderma    1
acroscopic    1
acrose    1
acrosome    1
acrosphacelus    1
acrospire    1
acrospore    1
acrosporous    1
across    1
acrostic    1
acrostical    1
acrostically    1
acrostichal    1
Acrosticheae    1
acrostichic    1
acrostichoid    1
Acrostichum    1
acrosticism    1
acrostolion    1
acrostolium    1
acrotarsial    1
acrotarsium    1
acroteleutic    1
acroterial    1
acroteric    1
acroterium    1
Acrothoracica    1
acrotic    1
acrotism    1
acrotomous    1
Acrotreta    1
Acrotretidae    1
acrotrophic    1
acrotrophoneurosis    1
Acrux    1
Acrydium    1
acryl    1
acrylaldehyde    1
acrylate    1
acrylic    1
acrylonitrile    1
acrylyl    1
act    1
acta    1
actability    1
actable    1
Actaea    1
Actaeaceae    1
Actaeon    1
Actaeonidae    1
Actiad    1
Actian    1
actification    1
actifier    1
actify    1
actin    1
actinal    1
actinally    1
actinautographic    1
actinautography    1
actine    1
actinenchyma    1
acting    1
Actinia    1
actinian    1
Actiniaria    1
actiniarian    1
actinic    1
actinically    1
Actinidia    1
Actinidiaceae    1
actiniferous    1
actiniform    1
actinine    1
actiniochrome    1
actiniohematin    1
Actiniomorpha    1
actinism    1
Actinistia    1
actinium    1
actinobacillosis    1
Actinobacillus    1
actinoblast    1
actinobranch    1
actinobranchia    1
actinocarp    1
actinocarpic    1
actinocarpous    1
actinochemistry    1
actinocrinid    1
Actinocrinidae    1
actinocrinite    1
Actinocrinus    1
actinocutitis    1
actinodermatitis    1
actinodielectric    1
actinodrome    1
actinodromous    1
actinoelectric    1
actinoelectrically    1
actinoelectricity    1
actinogonidiate    1
actinogram    1
actinograph    1
actinography    1
actinoid    1
Actinoida    1
Actinoidea    1
actinolite    1
actinolitic    1
actinologous    1
actinologue    1
actinology    1
actinomere    1
actinomeric    1
actinometer    1
actinometric    1
actinometrical    1
actinometry    1
actinomorphic    1
actinomorphous    1
actinomorphy    1
Actinomyces    1
Actinomycetaceae    1
Actinomycetales    1
actinomycete    1
actinomycetous    1
actinomycin    1
actinomycoma    1
actinomycosis    1
actinomycotic    1
Actinomyxidia    1
Actinomyxidiida    1
actinon    1
Actinonema    1
actinoneuritis    1
actinophone    1
actinophonic    1
actinophore    1
actinophorous    1
actinophryan    1
Actinophrys    1
Actinopoda    1
actinopraxis    1
actinopteran    1
Actinopteri    1
actinopterous    1
actinopterygian    1
Actinopterygii    1
actinopterygious    1
actinoscopy    1
actinosoma    1
actinosome    1
Actinosphaerium    1
actinost    1
actinostereoscopy    1
actinostomal    1
actinostome    1
actinotherapeutic    1
actinotherapeutics    1
actinotherapy    1
actinotoxemia    1
actinotrichium    1
actinotrocha    1
actinouranium    1
Actinozoa    1
actinozoal    1
actinozoan    1
actinozoon    1
actinula    1
action    1
actionable    1
actionably    1
actional    1
actionary    1
actioner    1
actionize    1
actionless    1
Actipylea    1
Actium    1
activable    1
activate    1
activation    1
activator    1
active    1
actively    1
activeness    1
activin    1
activism    1
activist    1
activital    1
activity    1
activize    1
actless    1
actomyosin    1
acton    1
actor    1
actorship    1
actress    1
Acts    1
actu    1
actual    1
actualism    1
actualist    1
actualistic    1
actuality    1
actualization    1
actualize    1
actually    1
actualness    1
actuarial    1
actuarially    1
actuarian    1
actuary    1
actuaryship    1
actuation    1
actuator    1
acture    1
acturience    1
actutate    1
acuaesthesia    1
Acuan    1
acuate    1
acuation    1
Acubens    1
acuclosure    1
acuductor    1
acuesthesia    1
acuity    1
aculea    1
Aculeata    1
aculeate    1
aculeated    1
aculeiform    1
aculeolate    1
aculeolus    1
aculeus    1
acumen    1
acuminate    1
acumination    1
acuminose    1
acuminous    1
acuminulate    1
acupress    1
acupressure    1
acupunctuate    1
acupunctuation    1
acupuncturation    1
acupuncturator    1
acupuncture    1
acurative    1
acushla    1
acutangular    1
acutate    1
acute    1
acutely    1
acutenaculum    1
acuteness    1
acutiator    1
acutifoliate    1
Acutilinguae    1
acutilingual    1
acutilobate    1
acutiplantar    1
acutish    1
acutograve    1
acutonodose    1
acutorsion    1
acyanoblepsia    1
acyanopsia    1
acyclic    1
acyesis    1
acyetic    1
acyl    1
acylamido    1
acylamidobenzene    1
acylamino    1
acylate    1
acylation    1
acylogen    1
acyloin    1
acyloxy    1
acyloxymethane    1
acyrological    1
acyrology    1
acystia    1
ad    1
Ada    1
adactyl    1
adactylia    1
adactylism    1
adactylous    1
Adad    1
adad    1
adage    1
adagial    1
adagietto    1
adagio    1
Adai    1
Adaize    1
Adam    1
adamant    1
adamantean    1
adamantine    1
adamantinoma    1
adamantoblast    1
adamantoblastoma    1
adamantoid    1
adamantoma    1
adamas    1
Adamastor    1
adambulacral    1
adamellite    1
Adamhood    1
Adamic    1
Adamical    1
Adamically    1
adamine    1
Adamite    1
adamite    1
Adamitic    1
Adamitical    1
Adamitism    1
Adamsia    1
adamsite    1
adance    1
adangle    1
Adansonia    1
Adapa    1
adapid    1
Adapis    1
adapt    1
adaptability    1
adaptable    1
adaptation    1
adaptational    1
adaptationally    1
adaptative    1
adaptedness    1
adapter    1
adaption    1
adaptional    1
adaptionism    1
adaptitude    1
adaptive    1
adaptively    1
adaptiveness    1
adaptometer    1
adaptor    1
adaptorial    1
Adar    1
adarme    1
adat    1
adati    1
adatom    1
adaunt    1
adaw    1
adawe    1
adawlut    1
adawn    1
adaxial    1
aday    1
adays    1
adazzle    1
adcraft    1
add    1
Adda    1
adda    1
addability    1
addable    1
addax    1
addebted    1
added    1
addedly    1
addend    1
addenda    1
addendum    1
adder    1
adderbolt    1
adderfish    1
adderspit    1
adderwort    1
addibility    1
addible    1
addicent    1
addict    1
addicted    1
addictedness    1
addiction    1
Addie    1
addiment    1
Addisonian    1
Addisoniana    1
additament    1
additamentary    1
addition    1
additional    1
additionally    1
additionary    1
additionist    1
addititious    1
additive    1
additively    1
additivity    1
additory    1
addle    1
addlebrain    1
addlebrained    1
addlehead    1
addleheaded    1
addleheadedly    1
addleheadedness    1
addlement    1
addleness    1
addlepate    1
addlepated    1
addlepatedness    1
addleplot    1
addlings    1
addlins    1
addorsed    1
address    1
addressee    1
addresser    1
addressful    1
Addressograph    1
addressor    1
addrest    1
Addu    1
adduce    1
adducent    1
adducer    1
adducible    1
adduct    1
adduction    1
adductive    1
adductor    1
Addy    1
Ade    1
ade    1
adead    1
adeem    1
adeep    1
Adela    1
Adelaide    1
Adelarthra    1
Adelarthrosomata    1
adelarthrosomatous    1
Adelbert    1
Adelea    1
Adeleidae    1
Adelges    1
Adelia    1
Adelina    1
Adeline    1
adeling    1
adelite    1
Adeliza    1
adelocerous    1
Adelochorda    1
adelocodonic    1
adelomorphic    1
adelomorphous    1
adelopod    1
Adelops    1
Adelphi    1
Adelphian    1
adelphogamy    1
Adelphoi    1
adelpholite    1
adelphophagy    1
ademonist    1
adempted    1
ademption    1
adenalgia    1
adenalgy    1
Adenanthera    1
adenase    1
adenasthenia    1
adendric    1
adendritic    1
adenectomy    1
adenectopia    1
adenectopic    1
adenemphractic    1
adenemphraxis    1
adenia    1
adeniform    1
adenine    1
adenitis    1
adenization    1
adenoacanthoma    1
adenoblast    1
adenocancroid    1
adenocarcinoma    1
adenocarcinomatous    1
adenocele    1
adenocellulitis    1
adenochondroma    1
adenochondrosarcoma    1
adenochrome    1
adenocyst    1
adenocystoma    1
adenocystomatous    1
adenodermia    1
adenodiastasis    1
adenodynia    1
adenofibroma    1
adenofibrosis    1
adenogenesis    1
adenogenous    1
adenographer    1
adenographic    1
adenographical    1
adenography    1
adenohypersthenia    1
adenoid    1
adenoidal    1
adenoidism    1
adenoliomyofibroma    1
adenolipoma    1
adenolipomatosis    1
adenologaditis    1
adenological    1
adenology    1
adenolymphocele    1
adenolymphoma    1
adenoma    1
adenomalacia    1
adenomatome    1
adenomatous    1
adenomeningeal    1
adenometritis    1
adenomycosis    1
adenomyofibroma    1
adenomyoma    1
adenomyxoma    1
adenomyxosarcoma    1
adenoncus    1
adenoneural    1
adenoneure    1
adenopathy    1
adenopharyngeal    1
adenopharyngitis    1
adenophlegmon    1
Adenophora    1
adenophore    1
adenophorous    1
adenophthalmia    1
adenophyllous    1
adenophyma    1
adenopodous    1
adenosarcoma    1
adenosclerosis    1
adenose    1
adenosine    1
adenosis    1
adenostemonous    1
Adenostoma    1
adenotome    1
adenotomic    1
adenotomy    1
adenotyphoid    1
adenotyphus    1
adenyl    1
adenylic    1
Adeodatus    1
Adeona    1
Adephaga    1
adephagan    1
adephagia    1
adephagous    1
adept    1
adeptness    1
adeptship    1
adequacy    1
adequate    1
adequately    1
adequateness    1
adequation    1
adequative    1
adermia    1
adermin    1
Adessenarian    1
adet    1
adevism    1
adfected    1
adfix    1
adfluxion    1
adglutinate    1
Adhafera    1
adhaka    1
adhamant    1
Adhara    1
adharma    1
adhere    1
adherence    1
adherency    1
adherent    1
adherently    1
adherer    1
adherescence    1
adherescent    1
adhesion    1
adhesional    1
adhesive    1
adhesively    1
adhesivemeter    1
adhesiveness    1
adhibit    1
adhibition    1
adiabatic    1
adiabatically    1
adiabolist    1
adiactinic    1
adiadochokinesis    1
adiagnostic    1
adiantiform    1
Adiantum    1
adiaphon    1
adiaphonon    1
adiaphoral    1
adiaphoresis    1
adiaphoretic    1
adiaphorism    1
adiaphorist    1
adiaphoristic    1
adiaphorite    1
adiaphoron    1
adiaphorous    1
adiate    1
adiathermal    1
adiathermancy    1
adiathermanous    1
adiathermic    1
adiathetic    1
adiation    1
Adib    1
Adicea    1
adicity    1
Adiel    1
adieu    1
adieux    1
Adigei    1
Adighe    1
Adigranth    1
adigranth    1
Adin    1
Adinida    1
adinidan    1
adinole    1
adion    1
adipate    1
adipescent    1
adipic    1
adipinic    1
adipocele    1
adipocellulose    1
adipocere    1
adipoceriform    1
adipocerous    1
adipocyte    1
adipofibroma    1
adipogenic    1
adipogenous    1
adipoid    1
adipolysis    1
adipolytic    1
adipoma    1
adipomatous    1
adipometer    1
adipopexia    1
adipopexis    1
adipose    1
adiposeness    1
adiposis    1
adiposity    1
adiposogenital    1
adiposuria    1
adipous    1
adipsia    1
adipsic    1
adipsous    1
adipsy    1
adipyl    1
Adirondack    1
adit    1
adital    1
aditus    1
adjacency    1
adjacent    1
adjacently    1
adjag    1
adject    1
adjection    1
adjectional    1
adjectival    1
adjectivally    1
adjective    1
adjectively    1
adjectivism    1
adjectivitis    1
adjiger    1
adjoin    1
adjoined    1
adjoinedly    1
adjoining    1
adjoint    1
adjourn    1
adjournal    1
adjournment    1
adjudge    1
adjudgeable    1
adjudger    1
adjudgment    1
adjudicate    1
adjudication    1
adjudicative    1
adjudicator    1
adjudicature    1
adjunct    1
adjunction    1
adjunctive    1
adjunctively    1
adjunctly    1
adjuration    1
adjuratory    1
adjure    1
adjurer    1
adjust    1
adjustable    1
adjustably    1
adjustage    1
adjustation    1
adjuster    1
adjustive    1
adjustment    1
adjutage    1
adjutancy    1
adjutant    1
adjutantship    1
adjutorious    1
adjutory    1
adjutrice    1
adjuvant    1
adlay    1
adless    1
adlet    1
Adlumia    1
adlumidine    1
adlumine    1
adman    1
admarginate    1
admaxillary    1
admeasure    1
admeasurement    1
admeasurer    1
admedial    1
admedian    1
admensuration    1
admi    1
adminicle    1
adminicula    1
adminicular    1
adminiculary    1
adminiculate    1
adminiculation    1
adminiculum    1
administer    1
administerd    1
administerial    1
administrable    1
administrant    1
administrate    1
administration    1
administrational    1
administrative    1
administratively    1
administrator    1
administratorship    1
administratress    1
administratrices    1
administratrix    1
admirability    1
admirable    1
admirableness    1
admirably    1
admiral    1
admiralship    1
admiralty    1
admiration    1
admirative    1
admirator    1
admire    1
admired    1
admiredly    1
admirer    1
admiring    1
admiringly    1
admissibility    1
admissible    1
admissibleness    1
admissibly    1
admission    1
admissive    1
admissory    1
admit    1
admittable    1
admittance    1
admitted    1
admittedly    1
admittee    1
admitter    1
admittible    1
admix    1
admixtion    1
admixture    1
admonish    1
admonisher    1
admonishingly    1
admonishment    1
admonition    1
admonitioner    1
admonitionist    1
admonitive    1
admonitively    1
admonitor    1
admonitorial    1
admonitorily    1
admonitory    1
admonitrix    1
admortization    1
adnascence    1
adnascent    1
adnate    1
adnation    1
adnephrine    1
adnerval    1
adneural    1
adnex    1
adnexal    1
adnexed    1
adnexitis    1
adnexopexy    1
adnominal    1
adnominally    1
adnomination    1
adnoun    1
ado    1
adobe    1
adolesce    1
adolescence    1
adolescency    1
adolescent    1
adolescently    1
Adolph    1
Adolphus    1
Adonai    1
Adonean    1
Adonia    1
Adoniad    1
Adonian    1
Adonic    1
adonidin    1
adonin    1
Adoniram    1
Adonis    1
adonite    1
adonitol    1
adonize    1
adoperate    1
adoperation    1
adopt    1
adoptability    1
adoptable    1
adoptant    1
adoptative    1
adopted    1
adoptedly    1
adoptee    1
adopter    1
adoptian    1
adoptianism    1
adoptianist    1
adoption    1
adoptional    1
adoptionism    1
adoptionist    1
adoptious    1
adoptive    1
adoptively    1
adorability    1
adorable    1
adorableness    1
adorably    1
adoral    1
adorally    1
adorant    1
Adorantes    1
adoration    1
adoratory    1
adore    1
adorer    1
Adoretus    1
adoringly    1
adorn    1
adorner    1
adorningly    1
adornment    1
adosculation    1
adossed    1
adoulie    1
adown    1
Adoxa    1
Adoxaceae    1
adoxaceous    1
adoxography    1
adoxy    1
adoze    1
adpao    1
adpress    1
adpromission    1
adradial    1
adradially    1
adradius    1
Adrammelech    3
AdrAdrammelechamelech    1
adread    1
adream    1
adreamed    1
adreamt    1
adrectal    1
adrenal    1
adrenalectomize    1
adrenalectomy    1
Adrenalin    1
adrenaline    1
adrenalize    1
adrenalone    1
adrenergic    1
adrenin    1
adrenine    1
adrenochrome    1
adrenocortical    1
adrenocorticotropic    1
adrenolysis    1
adrenolytic    1
adrenotropic    1
Adrian    1
Adriana    1
Adriatic    1
Adrienne    1
adrift    1
adrip    1
adroit    1
adroitly    1
adroitness    1
adroop    1
adrop    1
adrostral    1
adrowse    1
adrue    1
adry    1
adsbud    1
adscendent    1
adscititious    1
adscititiously    1
adscript    1
adscripted    1
adscription    1
adscriptitious    1
adscriptitius    1
adscriptive    1
adsessor    1
adust    4
adsheart    1
adsignification    1
adsignify    1
adsmith    1
adsmithing    1
adsorb    1
adsorbable    1
adsorbate    1
adsorbent    1
adsorption    1
adsorptive    1
adstipulate    1
adstipulation    1
adstipulator    1
adterminal    1
adtevac    1
adular    1
adularescence    1
adularia    1
adulate    1
adulation    1
adulator    1
adulatory    1
adulatress    1
Adullam    1
Adullamite    1
adult    1
adulter    1
adulterant    1
adulterate    1
adulterately    1
adulterateness    1
adulteration    1
adulterator    1
adulterer    1
adulteress    1
adulterine    1
adulterize    1
adulterous    1
adulterously    1
adultery    1
adulthood    1
adulticidal    1
adulticide    1
adultness    1
adultoid    1
adumbral    1
adumbrant    1
adumbrate    1
adumbration    1
adumbrative    1
adumbratively    1
adunc    1
aduncate    1
aduncated    1
aduncity    1
aduncous    1
adusk    1
adustion    1
adustiosis    1
Advaita    1
advance    1
advanceable    1
advanced    1
advancedness    1
advancement    1
advancer    1
advancing    1
advancingly    1
advancive    1
advantage    1
advantageous    1
advantageously    1
advantageousness    1
advection    1
advectitious    1
advective    1
advehent    1
advene    1
advenience    1
advenient    1
Advent    1
advential    1
Adventism    1
Adventist    1
adventitia    1
adventitious    1
adventitiously    1
adventitiousness    1
adventive    1
adventual    1
adventure    1
adventureful    1
adventurement    1
adventurer    1
adventureship    1
adventuresome    1
adventuresomely    1
adventuresomeness    1
adventuress    1
adventurish    1
adventurous    1
adventurously    1
adventurousness    1
adverb    1
adverbial    1
adverbiality    1
adverbialize    1
adverbially    1
adverbiation    1
adversant    1
adversaria    1
adversarious    1
adversary    1
adversative    1
adversatively    1
adverse    1
adversely    1
adverseness    1
adversifoliate    1
    775
